<?xml version="1.0" encoding="UTF-8"?>
<testsuite name="ru.stqa.pft.addressbook.tests.GroupCreationTests" tests="4" skipped="0" failures="0" errors="0" timestamp="2021-02-09T11:14:40" hostname="ASUS" time="15.068">
  <properties/>
  <testcase name="testBadGroupCreation" classname="ru.stqa.pft.addressbook.tests.GroupCreationTests" time="4.25"/>
  <testcase name="testGroupCreation[0](GroupData{id='2147483647', name='test 0'})" classname="ru.stqa.pft.addressbook.tests.GroupCreationTests" time="5.273"/>
  <testcase name="testGroupCreation[1](GroupData{id='2147483647', name='test 1'})" classname="ru.stqa.pft.addressbook.tests.GroupCreationTests" time="2.658"/>
  <testcase name="testGroupCreation[2](GroupData{id='2147483647', name='test 2'})" classname="ru.stqa.pft.addressbook.tests.GroupCreationTests" time="2.507"/>
  <system-out><![CDATA[14:14:40.634 [Test worker] INFO  r.s.pft.addressbook.tests.TestBase - Start test testBadGroupCreationwith parameters[]
Hibernate: select groupdata0_.group_id as group_id1_2_, groupdata0_.group_footer as group_fo2_2_, groupdata0_.group_header as group_he3_2_, groupdata0_.group_name as group_na4_2_ from group_list groupdata0_
Hibernate: select groupdata0_.group_id as group_id1_2_, groupdata0_.group_footer as group_fo2_2_, groupdata0_.group_header as group_he3_2_, groupdata0_.group_name as group_na4_2_ from group_list groupdata0_
14:14:44.887 [Test worker] INFO  r.s.pft.addressbook.tests.TestBase - Stop testtestBadGroupCreation
14:14:45.264 [Test worker] INFO  r.s.pft.addressbook.tests.TestBase - Start test testGroupCreationwith parameters[GroupData{id='2147483647', name='test 0'}]
Hibernate: select groupdata0_.group_id as group_id1_2_, groupdata0_.group_footer as group_fo2_2_, groupdata0_.group_header as group_he3_2_, groupdata0_.group_name as group_na4_2_ from group_list groupdata0_
Hibernate: select groupdata0_.group_id as group_id1_2_, groupdata0_.group_footer as group_fo2_2_, groupdata0_.group_header as group_he3_2_, groupdata0_.group_name as group_na4_2_ from group_list groupdata0_
14:14:50.538 [Test worker] INFO  r.s.pft.addressbook.tests.TestBase - Stop testtestGroupCreation
14:14:50.538 [Test worker] INFO  r.s.pft.addressbook.tests.TestBase - Start test testGroupCreationwith parameters[GroupData{id='2147483647', name='test 1'}]
Hibernate: select groupdata0_.group_id as group_id1_2_, groupdata0_.group_footer as group_fo2_2_, groupdata0_.group_header as group_he3_2_, groupdata0_.group_name as group_na4_2_ from group_list groupdata0_
Hibernate: select groupdata0_.group_id as group_id1_2_, groupdata0_.group_footer as group_fo2_2_, groupdata0_.group_header as group_he3_2_, groupdata0_.group_name as group_na4_2_ from group_list groupdata0_
14:14:53.197 [Test worker] INFO  r.s.pft.addressbook.tests.TestBase - Stop testtestGroupCreation
14:14:53.198 [Test worker] INFO  r.s.pft.addressbook.tests.TestBase - Start test testGroupCreationwith parameters[GroupData{id='2147483647', name='test 2'}]
Hibernate: select groupdata0_.group_id as group_id1_2_, groupdata0_.group_footer as group_fo2_2_, groupdata0_.group_header as group_he3_2_, groupdata0_.group_name as group_na4_2_ from group_list groupdata0_
Hibernate: select groupdata0_.group_id as group_id1_2_, groupdata0_.group_footer as group_fo2_2_, groupdata0_.group_header as group_he3_2_, groupdata0_.group_name as group_na4_2_ from group_list groupdata0_
14:14:55.706 [Test worker] INFO  r.s.pft.addressbook.tests.TestBase - Stop testtestGroupCreation
]]></system-out>
  <system-err><![CDATA[]]></system-err>
</testsuite>
