<?xml version="1.0" encoding="UTF-8"?>
<testsuite name="ru.stqa.pft.addressbook.tests.ContactCreationTest" tests="3" skipped="0" failures="0" errors="0" timestamp="2021-02-09T11:19:35" hostname="ASUS" time="13.54">
  <properties/>
  <testcase name="testContactCreation[0](ContactData{id=2147483647, firstname='name 0', lastname='lastname 0'})" classname="ru.stqa.pft.addressbook.tests.ContactCreationTest" time="6.525"/>
  <testcase name="testContactCreation[1](ContactData{id=2147483647, firstname='name 1', lastname='lastname 1'})" classname="ru.stqa.pft.addressbook.tests.ContactCreationTest" time="3.541"/>
  <testcase name="testContactCreation[2](ContactData{id=2147483647, firstname='name 2', lastname='lastname 2'})" classname="ru.stqa.pft.addressbook.tests.ContactCreationTest" time="3.463"/>
  <system-out><![CDATA[14:19:35.856 [Test worker] INFO  r.s.pft.addressbook.tests.TestBase - Start test testContactCreationwith parameters[ContactData{id=2147483647, firstname='name 0', lastname='lastname 0'}]
Hibernate: select contactdat0_.id as id1_1_, contactdat0_.address as address2_1_, contactdat0_.email as email3_1_, contactdat0_.firstname as firstnam4_1_, contactdat0_.lastname as lastname5_1_, contactdat0_.mobile as mobile6_1_, contactdat0_.photo as photo7_1_, contactdat0_.home as home8_1_, contactdat0_.work as work9_1_ from addressbook contactdat0_
Hibernate: select contactdat0_.id as id1_1_, contactdat0_.address as address2_1_, contactdat0_.email as email3_1_, contactdat0_.firstname as firstnam4_1_, contactdat0_.lastname as lastname5_1_, contactdat0_.mobile as mobile6_1_, contactdat0_.photo as photo7_1_, contactdat0_.home as home8_1_, contactdat0_.work as work9_1_ from addressbook contactdat0_
Hibernate: select groups0_.id as id1_0_0_, groups0_.group_id as group_id2_0_0_, groupdata1_.group_id as group_id1_2_1_, groupdata1_.group_footer as group_fo2_2_1_, groupdata1_.group_header as group_he3_2_1_, groupdata1_.group_name as group_na4_2_1_ from address_in_groups groups0_ inner join group_list groupdata1_ on groups0_.group_id=groupdata1_.group_id where groups0_.id=?
14:19:42.385 [Test worker] INFO  r.s.pft.addressbook.tests.TestBase - Stop testtestContactCreation
14:19:42.386 [Test worker] INFO  r.s.pft.addressbook.tests.TestBase - Start test testContactCreationwith parameters[ContactData{id=2147483647, firstname='name 1', lastname='lastname 1'}]
Hibernate: select contactdat0_.id as id1_1_, contactdat0_.address as address2_1_, contactdat0_.email as email3_1_, contactdat0_.firstname as firstnam4_1_, contactdat0_.lastname as lastname5_1_, contactdat0_.mobile as mobile6_1_, contactdat0_.photo as photo7_1_, contactdat0_.home as home8_1_, contactdat0_.work as work9_1_ from addressbook contactdat0_
Hibernate: select groups0_.id as id1_0_0_, groups0_.group_id as group_id2_0_0_, groupdata1_.group_id as group_id1_2_1_, groupdata1_.group_footer as group_fo2_2_1_, groupdata1_.group_header as group_he3_2_1_, groupdata1_.group_name as group_na4_2_1_ from address_in_groups groups0_ inner join group_list groupdata1_ on groups0_.group_id=groupdata1_.group_id where groups0_.id=?
Hibernate: select contactdat0_.id as id1_1_, contactdat0_.address as address2_1_, contactdat0_.email as email3_1_, contactdat0_.firstname as firstnam4_1_, contactdat0_.lastname as lastname5_1_, contactdat0_.mobile as mobile6_1_, contactdat0_.photo as photo7_1_, contactdat0_.home as home8_1_, contactdat0_.work as work9_1_ from addressbook contactdat0_
Hibernate: select groups0_.id as id1_0_0_, groups0_.group_id as group_id2_0_0_, groupdata1_.group_id as group_id1_2_1_, groupdata1_.group_footer as group_fo2_2_1_, groupdata1_.group_header as group_he3_2_1_, groupdata1_.group_name as group_na4_2_1_ from address_in_groups groups0_ inner join group_list groupdata1_ on groups0_.group_id=groupdata1_.group_id where groups0_.id=?
Hibernate: select groups0_.id as id1_0_0_, groups0_.group_id as group_id2_0_0_, groupdata1_.group_id as group_id1_2_1_, groupdata1_.group_footer as group_fo2_2_1_, groupdata1_.group_header as group_he3_2_1_, groupdata1_.group_name as group_na4_2_1_ from address_in_groups groups0_ inner join group_list groupdata1_ on groups0_.group_id=groupdata1_.group_id where groups0_.id=?
14:19:45.932 [Test worker] INFO  r.s.pft.addressbook.tests.TestBase - Stop testtestContactCreation
14:19:45.933 [Test worker] INFO  r.s.pft.addressbook.tests.TestBase - Start test testContactCreationwith parameters[ContactData{id=2147483647, firstname='name 2', lastname='lastname 2'}]
Hibernate: select contactdat0_.id as id1_1_, contactdat0_.address as address2_1_, contactdat0_.email as email3_1_, contactdat0_.firstname as firstnam4_1_, contactdat0_.lastname as lastname5_1_, contactdat0_.mobile as mobile6_1_, contactdat0_.photo as photo7_1_, contactdat0_.home as home8_1_, contactdat0_.work as work9_1_ from addressbook contactdat0_
Hibernate: select groups0_.id as id1_0_0_, groups0_.group_id as group_id2_0_0_, groupdata1_.group_id as group_id1_2_1_, groupdata1_.group_footer as group_fo2_2_1_, groupdata1_.group_header as group_he3_2_1_, groupdata1_.group_name as group_na4_2_1_ from address_in_groups groups0_ inner join group_list groupdata1_ on groups0_.group_id=groupdata1_.group_id where groups0_.id=?
Hibernate: select groups0_.id as id1_0_0_, groups0_.group_id as group_id2_0_0_, groupdata1_.group_id as group_id1_2_1_, groupdata1_.group_footer as group_fo2_2_1_, groupdata1_.group_header as group_he3_2_1_, groupdata1_.group_name as group_na4_2_1_ from address_in_groups groups0_ inner join group_list groupdata1_ on groups0_.group_id=groupdata1_.group_id where groups0_.id=?
Hibernate: select contactdat0_.id as id1_1_, contactdat0_.address as address2_1_, contactdat0_.email as email3_1_, contactdat0_.firstname as firstnam4_1_, contactdat0_.lastname as lastname5_1_, contactdat0_.mobile as mobile6_1_, contactdat0_.photo as photo7_1_, contactdat0_.home as home8_1_, contactdat0_.work as work9_1_ from addressbook contactdat0_
Hibernate: select groups0_.id as id1_0_0_, groups0_.group_id as group_id2_0_0_, groupdata1_.group_id as group_id1_2_1_, groupdata1_.group_footer as group_fo2_2_1_, groupdata1_.group_header as group_he3_2_1_, groupdata1_.group_name as group_na4_2_1_ from address_in_groups groups0_ inner join group_list groupdata1_ on groups0_.group_id=groupdata1_.group_id where groups0_.id=?
Hibernate: select groups0_.id as id1_0_0_, groups0_.group_id as group_id2_0_0_, groupdata1_.group_id as group_id1_2_1_, groupdata1_.group_footer as group_fo2_2_1_, groupdata1_.group_header as group_he3_2_1_, groupdata1_.group_name as group_na4_2_1_ from address_in_groups groups0_ inner join group_list groupdata1_ on groups0_.group_id=groupdata1_.group_id where groups0_.id=?
Hibernate: select groups0_.id as id1_0_0_, groups0_.group_id as group_id2_0_0_, groupdata1_.group_id as group_id1_2_1_, groupdata1_.group_footer as group_fo2_2_1_, groupdata1_.group_header as group_he3_2_1_, groupdata1_.group_name as group_na4_2_1_ from address_in_groups groups0_ inner join group_list groupdata1_ on groups0_.group_id=groupdata1_.group_id where groups0_.id=?
14:19:49.397 [Test worker] INFO  r.s.pft.addressbook.tests.TestBase - Stop testtestContactCreation
]]></system-out>
  <system-err><![CDATA[]]></system-err>
</testsuite>
